#
# There is insufficient memory for the Java Runtime Environment to continue.
# Native memory allocation (malloc) failed to allocate 1052736 bytes for Chunk::new
# Possible reasons:
#   The system is out of physical RAM or swap space
#   The process is running with CompressedOops enabled, and the Java Heap may be blocking the growth of the native heap
# Possible solutions:
#   Reduce memory load on the system
#   Increase physical memory or swap space
#   Check if swap backing store is full
#   Decrease Java heap size (-Xmx/-Xms)
#   Decrease number of Java threads
#   Decrease Java thread stack sizes (-Xss)
#   Set larger code cache with -XX:ReservedCodeCacheSize=
#   JVM is running with Zero Based Compressed Oops mode in which the Java heap is
#     placed in the first 32GB address space. The Java Heap base address is the
#     maximum limit for the native heap growth. Please use -XX:HeapBaseMinAddress
#     to set the Java Heap base and to place the Java Heap above 32GB virtual address.
# This output file may be truncated or incomplete.
#
#  Out of Memory Error (allocation.cpp:389), pid=184232, tid=0x0000000000026260
#
# JRE version: Java(TM) SE Runtime Environment (8.0_202-b08) (build 1.8.0_202-b08)
# Java VM: Java HotSpot(TM) 64-Bit Server VM (25.202-b08 mixed mode windows-amd64 compressed oops)
# Failed to write core dump. Minidumps are not enabled by default on client versions of Windows
#

---------------  T H R E A D  ---------------

Current thread (0x0000000028814800):  JavaThread "C2 CompilerThread3" daemon [_thread_in_native, id=156256, stack(0x000000002b1f0000,0x000000002b2f0000)]

Stack: [0x000000002b1f0000,0x000000002b2f0000]
[error occurred during error reporting (printing stack bounds), id 0xc0000005]

Native frames: (J=compiled Java code, j=interpreted, Vv=VM code, C=native code)


Current CompileTask:
C2:   8659 7735       4       java.net.URLClassLoader$1::run (5 bytes)


---------------  P R O C E S S  ---------------

Java Threads: ( => current thread )
  0x00000000340e5800 JavaThread "Thread-3" daemon [_thread_blocked, id=50356, stack(0x0000000041a80000,0x0000000041b80000)]
  0x00000000340e4800 JavaThread "I/O dispatcher 24" [_thread_in_native, id=179184, stack(0x0000000041130000,0x0000000041230000)]
  0x00000000340e6000 JavaThread "I/O dispatcher 23" [_thread_in_native, id=155620, stack(0x0000000041030000,0x0000000041130000)]
  0x00000000340df800 JavaThread "I/O dispatcher 22" [_thread_in_native, id=170144, stack(0x0000000040f30000,0x0000000041030000)]
  0x00000000340e4000 JavaThread "I/O dispatcher 21" [_thread_in_native, id=21072, stack(0x0000000040e30000,0x0000000040f30000)]
  0x00000000340da000 JavaThread "I/O dispatcher 20" [_thread_in_native, id=177676, stack(0x0000000040d30000,0x0000000040e30000)]
  0x00000000340e1000 JavaThread "I/O dispatcher 19" [_thread_in_native, id=163600, stack(0x0000000040c30000,0x0000000040d30000)]
  0x00000000340de800 JavaThread "I/O dispatcher 18" [_thread_in_native, id=176828, stack(0x0000000040b30000,0x0000000040c30000)]
  0x00000000340de000 JavaThread "I/O dispatcher 17" [_thread_in_native, id=56260, stack(0x0000000040a30000,0x0000000040b30000)]
  0x00000000340dd000 JavaThread "I/O dispatcher 16" [_thread_in_native, id=25224, stack(0x0000000040930000,0x0000000040a30000)]
  0x00000000340d9800 JavaThread "I/O dispatcher 15" [_thread_in_native, id=175772, stack(0x0000000040830000,0x0000000040930000)]
  0x00000000340dc800 JavaThread "I/O dispatcher 14" [_thread_in_native, id=85824, stack(0x0000000040730000,0x0000000040830000)]
  0x00000000340e0000 JavaThread "I/O dispatcher 13" [_thread_in_native, id=32876, stack(0x0000000040630000,0x0000000040730000)]
  0x00000000340d8800 JavaThread "I/O dispatcher 12" [_thread_in_native, id=24656, stack(0x0000000040530000,0x0000000040630000)]
  0x00000000340db000 JavaThread "I/O dispatcher 11" [_thread_in_native, id=170276, stack(0x0000000040430000,0x0000000040530000)]
  0x00000000340db800 JavaThread "I/O dispatcher 10" [_thread_in_native, id=18908, stack(0x0000000040330000,0x0000000040430000)]
  0x000000002e424000 JavaThread "I/O dispatcher 9" [_thread_in_native, id=154364, stack(0x0000000040230000,0x0000000040330000)]
  0x000000002e423800 JavaThread "I/O dispatcher 8" [_thread_in_native, id=181232, stack(0x0000000040130000,0x0000000040230000)]
  0x000000002e422800 JavaThread "I/O dispatcher 7" [_thread_in_native, id=183448, stack(0x0000000040030000,0x0000000040130000)]
  0x000000002e422000 JavaThread "I/O dispatcher 6" [_thread_in_native, id=174936, stack(0x000000003ff30000,0x0000000040030000)]
  0x000000002e421000 JavaThread "I/O dispatcher 5" [_thread_in_native, id=169864, stack(0x000000003fe30000,0x000000003ff30000)]
  0x000000002e427000 JavaThread "I/O dispatcher 4" [_thread_in_native, id=184396, stack(0x000000003fd30000,0x000000003fe30000)]
  0x000000002e426800 JavaThread "I/O dispatcher 3" [_thread_in_native, id=111380, stack(0x000000003fc30000,0x000000003fd30000)]
  0x000000002e420800 JavaThread "I/O dispatcher 2" [_thread_in_native, id=130392, stack(0x000000003fb30000,0x000000003fc30000)]
  0x000000002e425800 JavaThread "I/O dispatcher 1" [_thread_in_native, id=51684, stack(0x000000003fa30000,0x000000003fb30000)]
  0x000000002e425000 JavaThread "pool-1-thread-1" [_thread_in_native, id=118068, stack(0x000000003ded0000,0x000000003dfd0000)]
  0x000000002d99e800 JavaThread "lettuce-timer-6-1" daemon [_thread_blocked, id=172652, stack(0x000000003f530000,0x000000003f630000)]
  0x000000002d995000 JavaThread "redisson-netty-2-32" [_thread_in_native, id=117332, stack(0x000000003d5b0000,0x000000003d6b0000)]
  0x000000002d997800 JavaThread "redisson-netty-2-31" [_thread_in_native, id=132632, stack(0x000000003d0a0000,0x000000003d1a0000)]
  0x000000002d99c000 JavaThread "redisson-netty-2-30" [_thread_in_native, id=164108, stack(0x000000003cfa0000,0x000000003d0a0000)]
  0x000000002d99a800 JavaThread "redisson-netty-2-29" [_thread_in_native, id=151708, stack(0x000000003ca90000,0x000000003cb90000)]
  0x000000002d99b000 JavaThread "redisson-netty-2-28" [_thread_in_native, id=45152, stack(0x000000003c990000,0x000000003ca90000)]
  0x000000002d996800 JavaThread "redisson-netty-2-27" [_thread_in_native, id=111176, stack(0x000000003c480000,0x000000003c580000)]
  0x000000002d993800 JavaThread "redisson-netty-2-26" [_thread_in_native, id=7116, stack(0x000000003c380000,0x000000003c480000)]
  0x000000002d993000 JavaThread "redisson-netty-2-25" [_thread_in_native, id=126340, stack(0x000000003be70000,0x000000003bf70000)]
  0x000000002d999800 JavaThread "redisson-netty-2-24" [_thread_in_native, id=167080, stack(0x000000003bd70000,0x000000003be70000)]
  0x000000002d992000 JavaThread "redisson-netty-2-23" [_thread_in_native, id=106668, stack(0x000000003b860000,0x000000003b960000)]
  0x000000002d996000 JavaThread "redisson-netty-2-22" [_thread_in_native, id=179732, stack(0x000000003b760000,0x000000003b860000)]
  0x000000002d999000 JavaThread "redisson-netty-2-21" [_thread_in_native, id=37192, stack(0x000000003b250000,0x000000003b350000)]
  0x000000002d991800 JavaThread "redisson-netty-2-20" [_thread_in_native, id=83512, stack(0x000000003b150000,0x000000003b250000)]
  0x000000002d994800 JavaThread "redisson-netty-2-19" [_thread_in_native, id=55504, stack(0x000000003ac40000,0x000000003ad40000)]
  0x000000002d998000 JavaThread "redisson-netty-2-18" [_thread_in_native, id=90628, stack(0x000000003ab40000,0x000000003ac40000)]
  0x000000002c536800 JavaThread "redisson-netty-2-17" [_thread_in_native, id=179600, stack(0x000000003a630000,0x000000003a730000)]
  0x000000002c535800 JavaThread "redisson-netty-2-16" [_thread_in_native, id=155284, stack(0x000000003a530000,0x000000003a630000)]
  0x000000002c538000 JavaThread "redisson-netty-2-15" [_thread_in_native, id=45236, stack(0x000000003a020000,0x000000003a120000)]
  0x000000002c533800 JavaThread "redisson-netty-2-14" [_thread_in_native, id=183132, stack(0x0000000039f20000,0x000000003a020000)]
  0x000000002c532800 JavaThread "redisson-netty-2-13" [_thread_in_native, id=153132, stack(0x0000000039a10000,0x0000000039b10000)]
  0x000000002c534000 JavaThread "redisson-netty-2-12" [_thread_in_native, id=156864, stack(0x0000000039910000,0x0000000039a10000)]
  0x000000002c537000 JavaThread "redisson-netty-2-11" [_thread_in_native, id=124728, stack(0x0000000039400000,0x0000000039500000)]
  0x000000002c535000 JavaThread "redisson-netty-2-10" [_thread_in_native, id=53300, stack(0x0000000039300000,0x0000000039400000)]
  0x000000002c52b000 JavaThread "redisson-netty-2-9" [_thread_in_native, id=102044, stack(0x0000000038df0000,0x0000000038ef0000)]
  0x000000002c532000 JavaThread "redisson-netty-2-8" [_thread_in_native, id=141392, stack(0x0000000038cf0000,0x0000000038df0000)]
  0x000000002c52a800 JavaThread "redisson-netty-2-7" [_thread_in_native, id=36608, stack(0x00000000387e0000,0x00000000388e0000)]
  0x000000002c531000 JavaThread "redisson-netty-2-6" [_thread_in_native, id=29188, stack(0x00000000386e0000,0x00000000387e0000)]
  0x000000002c529800 JavaThread "redisson-netty-2-5" [_thread_in_native, id=24700, stack(0x00000000385e0000,0x00000000386e0000)]
  0x000000002c530800 JavaThread "redisson-timer-4-1" [_thread_blocked, id=43992, stack(0x0000000037cb0000,0x0000000037db0000)]
  0x000000002c529000 JavaThread "redisson-netty-2-4" [_thread_in_native, id=40220, stack(0x00000000378b0000,0x00000000379b0000)]
  0x000000002c52c800 JavaThread "redisson-netty-2-3" [_thread_in_native, id=115016, stack(0x00000000377b0000,0x00000000378b0000)]
  0x000000002c52f800 JavaThread "redisson-netty-2-2" [_thread_in_native, id=31268, stack(0x00000000376b0000,0x00000000377b0000)]
  0x000000002c52e000 JavaThread "redisson-netty-2-1" [_thread_in_native, id=93212, stack(0x00000000373b0000,0x00000000374b0000)]
  0x000000002c52c000 JavaThread "Thread-2" daemon [_thread_in_native, id=45680, stack(0x0000000036fd0000,0x00000000370d0000)]
  0x0000000032e26000 JavaThread "mysql-cj-abandoned-connection-cleanup" daemon [_thread_blocked, id=186216, stack(0x0000000033160000,0x0000000033260000)]
  0x0000000028940800 JavaThread "Service Thread" daemon [_thread_blocked, id=175652, stack(0x000000002bbf0000,0x000000002bcf0000)]
  0x0000000028835000 JavaThread "C1 CompilerThread11" daemon [_thread_blocked, id=187296, stack(0x000000002baf0000,0x000000002bbf0000)]
  0x0000000028830800 JavaThread "C1 CompilerThread10" daemon [_thread_blocked, id=95852, stack(0x000000002b9f0000,0x000000002baf0000)]
  0x0000000028830000 JavaThread "C1 CompilerThread9" daemon [_thread_blocked, id=120452, stack(0x000000002b8f0000,0x000000002b9f0000)]
  0x0000000028833000 JavaThread "C1 CompilerThread8" daemon [_thread_blocked, id=43652, stack(0x000000002b7f0000,0x000000002b8f0000)]
  0x0000000028834800 JavaThread "C2 CompilerThread7" daemon [_thread_in_native, id=166856, stack(0x000000002b6f0000,0x000000002b7f0000)]
  0x0000000028833800 JavaThread "C2 CompilerThread6" daemon [_thread_in_native, id=152992, stack(0x000000002b5f0000,0x000000002b6f0000)]
  0x0000000028836800 JavaThread "C2 CompilerThread5" daemon [_thread_in_native, id=130520, stack(0x000000002b4f0000,0x000000002b5f0000)]
  0x000000002881d000 JavaThread "C2 CompilerThread4" daemon [_thread_in_native, id=92128, stack(0x000000002b2f0000,0x000000002b3f0000)]
=>0x0000000028814800 JavaThread "C2 CompilerThread3" daemon [_thread_in_native, id=156256, stack(0x000000002b1f0000,0x000000002b2f0000)]
  0x0000000028813800 JavaThread "C2 CompilerThread2" daemon [_thread_in_native, id=171568, stack(0x000000002b0f0000,0x000000002b1f0000)]
  0x0000000028813000 JavaThread "C2 CompilerThread1" daemon [_thread_in_native, id=183092, stack(0x000000002aff0000,0x000000002b0f0000)]
  0x000000002880e000 JavaThread "C2 CompilerThread0" daemon [_thread_in_native, id=126816, stack(0x000000002aef0000,0x000000002aff0000)]
  0x0000000028808000 JavaThread "Monitor Ctrl-Break" daemon [_thread_in_native, id=4500, stack(0x000000002adf0000,0x000000002aef0000)]
  0x00000000287e1800 JavaThread "Attach Listener" daemon [_thread_blocked, id=166252, stack(0x000000002acf0000,0x000000002adf0000)]
  0x000000002878b800 JavaThread "Signal Dispatcher" daemon [_thread_blocked, id=63908, stack(0x000000002abf0000,0x000000002acf0000)]
  0x00000000267e5000 JavaThread "Finalizer" daemon [_thread_blocked, id=86080, stack(0x000000002aaf0000,0x000000002abf0000)]
  0x0000000028766800 JavaThread "Reference Handler" daemon [_thread_blocked, id=50024, stack(0x000000002a9f0000,0x000000002aaf0000)]
  0x0000000002c18000 JavaThread "main" [_thread_in_native, id=55564, stack(0x0000000002b10000,0x0000000002c10000)]

Other Threads:
  0x00000000267e1000 VMThread [stack: 0x000000002a8f0000,0x000000002a9f0000] [id=144492]
  0x00000000289b4000 WatcherThread [stack: 0x000000002bcf0000,0x000000002bdf0000] [id=118576]

VM state:not at safepoint (normal execution)

VM Mutex/Monitor currently owned by a thread: None

heap address: 0x00000005c3a00000, size: 8134 MB, Compressed Oops mode: Zero based, Oop shift amount: 3
Narrow klass base: 0x0000000000000000, Narrow klass shift: 3
Compressed class space size: 1073741824 Address: 0x00000007c0000000

Heap:
 PSYoungGen      total 1583104K, used 490527K [0x0000000716900000, 0x000000077b800000, 0x00000007c0000000)
  eden space 1559040K, 29% used [0x0000000716900000,0x000000073308aff0,0x0000000775b80000)
  from space 24064K, 99% used [0x0000000778300000,0x0000000779a7ceb0,0x0000000779a80000)
  to   space 40448K, 0% used [0x0000000775b80000,0x0000000775b80000,0x0000000778300000)
 ParOldGen       total 224256K, used 56032K [0x00000005c3a00000, 0x00000005d1500000, 0x0000000716900000)
  object space 224256K, 24% used [0x00000005c3a00000,0x00000005c70b8228,0x00000005d1500000)
 Metaspace       used 71593K, capacity 75791K, committed 76160K, reserved 1116160K
  class space    used 9432K, capacity 10246K, committed 10368K, reserved 1048576K

Card table byte_map: [0x00000000122a0000,0x0000000013290000] byte_map_base: 0x000000000f483000

Marking Bits: (ParMarkBitMap*) 0x0000000060775ce0
 Begin Bits: [0x0000000014f30000, 0x000000001ce48000)
 End Bits:   [0x000000001ce48000, 0x0000000024d60000)

Polling page: 0x0000000000620000

CodeCache: size=245760Kb used=27018Kb max_used=27343Kb free=218741Kb
 bounds [0x0000000002ee0000, 0x00000000049d0000, 0x0000000011ee0000]
 total_blobs=7084 nmethods=6495 adapters=497
 compilation: enabled

Compilation events (10 events):
Event: 8.654 Thread 0x0000000028833000 7782       3       org.springframework.boot.web.server.WebServerFactoryCustomizerBeanPostProcessor::postProcessAfterInitialization (2 bytes)
Event: 8.654 Thread 0x0000000028830000 7783       3       org.springframework.boot.web.server.ErrorPageRegistrarBeanPostProcessor::postProcessAfterInitialization (2 bytes)
Event: 8.654 Thread 0x0000000028830800 nmethod 7781 0x000000000454eb90 code [0x000000000454ece0, 0x000000000454ee30]
Event: 8.654 Thread 0x0000000028830800 7784       3       org.springframework.data.web.config.ProjectingArgumentResolverRegistrar$ProjectingArgumentResolverBeanPostProcessor::postProcessAfterInitialization (96 bytes)
Event: 8.654 Thread 0x0000000028830000 nmethod 7783 0x000000000327d650 code [0x000000000327d7a0, 0x000000000327d8f0]
Event: 8.654 Thread 0x0000000028833000 nmethod 7782 0x000000000327d2d0 code [0x000000000327d420, 0x000000000327d570]
Event: 8.654 Thread 0x0000000028830000 7785       3       org.springframework.boot.test.autoconfigure.properties.PropertyMappingContextCustomizer$PropertyMappingCheckBeanPostProcessor::postProcessAfterInitialization (2 bytes)
Event: 8.654 Thread 0x0000000028830000 nmethod 7785 0x0000000003378150 code [0x00000000033782a0, 0x00000000033783f0]
Event: 8.654 Thread 0x0000000028835000 nmethod 7780 0x0000000003c7e890 code [0x0000000003c7ec40, 0x0000000003c805f8]
Event: 8.654 Thread 0x0000000028830800 nmethod 7784 0x0000000004052850 code [0x0000000004052b40, 0x0000000004054358]

GC Heap History (10 events):
Event: 2.045 GC heap before
{Heap before GC invocations=7 (full 2):
 PSYoungGen      total 541184K, used 12181K [0x0000000716900000, 0x0000000752980000, 0x00000007c0000000)
  eden space 519680K, 0% used [0x0000000716900000,0x0000000716900000,0x0000000736480000)
  from space 21504K, 56% used [0x0000000736480000,0x00000007370657d8,0x0000000737980000)
  to   space 17920K, 0% used [0x0000000751800000,0x0000000751800000,0x0000000752980000)
 ParOldGen       total 146432K, used 5791K [0x00000005c3a00000, 0x00000005cc900000, 0x0000000716900000)
  object space 146432K, 3% used [0x00000005c3a00000,0x00000005c3fa7f00,0x00000005cc900000)
 Metaspace       used 33222K, capacity 35477K, committed 35496K, reserved 1079296K
  class space    used 4428K, capacity 4853K, committed 4864K, reserved 1048576K
Event: 2.091 GC heap after
Heap after GC invocations=7 (full 2):
 PSYoungGen      total 541184K, used 0K [0x0000000716900000, 0x0000000752980000, 0x00000007c0000000)
  eden space 519680K, 0% used [0x0000000716900000,0x0000000716900000,0x0000000736480000)
  from space 21504K, 0% used [0x0000000736480000,0x0000000736480000,0x0000000737980000)
  to   space 17920K, 0% used [0x0000000751800000,0x0000000751800000,0x0000000752980000)
 ParOldGen       total 185344K, used 17097K [0x00000005c3a00000, 0x00000005cef00000, 0x0000000716900000)
  object space 185344K, 9% used [0x00000005c3a00000,0x00000005c4ab2658,0x00000005cef00000)
 Metaspace       used 33222K, capacity 35477K, committed 35496K, reserved 1079296K
  class space    used 4428K, capacity 4853K, committed 4864K, reserved 1048576K
}
Event: 5.428 GC heap before
{Heap before GC invocations=8 (full 2):
 PSYoungGen      total 541184K, used 519680K [0x0000000716900000, 0x0000000752980000, 0x00000007c0000000)
  eden space 519680K, 100% used [0x0000000716900000,0x0000000736480000,0x0000000736480000)
  from space 21504K, 0% used [0x0000000736480000,0x0000000736480000,0x0000000737980000)
  to   space 17920K, 0% used [0x0000000751800000,0x0000000751800000,0x0000000752980000)
 ParOldGen       total 185344K, used 17097K [0x00000005c3a00000, 0x00000005cef00000, 0x0000000716900000)
  object space 185344K, 9% used [0x00000005c3a00000,0x00000005c4ab2658,0x00000005cef00000)
 Metaspace       used 54057K, capacity 57037K, committed 57216K, reserved 1099776K
  class space    used 6976K, capacity 7501K, committed 7552K, reserved 1048576K
Event: 5.437 GC heap after
Heap after GC invocations=8 (full 2):
 PSYoungGen      total 931840K, used 17897K [0x0000000716900000, 0x0000000752980000, 0x00000007c0000000)
  eden space 913920K, 0% used [0x0000000716900000,0x0000000716900000,0x000000074e580000)
  from space 17920K, 99% used [0x0000000751800000,0x000000075297a458,0x0000000752980000)
  to   space 24064K, 0% used [0x000000074fa80000,0x000000074fa80000,0x0000000751200000)
 ParOldGen       total 185344K, used 23210K [0x00000005c3a00000, 0x00000005cef00000, 0x0000000716900000)
  object space 185344K, 12% used [0x00000005c3a00000,0x00000005c50aa808,0x00000005cef00000)
 Metaspace       used 54057K, capacity 57037K, committed 57216K, reserved 1099776K
  class space    used 6976K, capacity 7501K, committed 7552K, reserved 1048576K
}
Event: 5.641 GC heap before
{Heap before GC invocations=9 (full 2):
 PSYoungGen      total 931840K, used 117706K [0x0000000716900000, 0x0000000752980000, 0x00000007c0000000)
  eden space 913920K, 10% used [0x0000000716900000,0x000000071ca78400,0x000000074e580000)
  from space 17920K, 99% used [0x0000000751800000,0x000000075297a458,0x0000000752980000)
  to   space 24064K, 0% used [0x000000074fa80000,0x000000074fa80000,0x0000000751200000)
 ParOldGen       total 185344K, used 23210K [0x00000005c3a00000, 0x00000005cef00000, 0x0000000716900000)
  object space 185344K, 12% used [0x00000005c3a00000,0x00000005c50aa808,0x00000005cef00000)
 Metaspace       used 56059K, capacity 59075K, committed 59160K, reserved 1101824K
  class space    used 7272K, capacity 7802K, committed 7808K, reserved 1048576K
Event: 5.650 GC heap after
Heap after GC invocations=9 (full 2):
 PSYoungGen      total 959488K, used 15647K [0x0000000716900000, 0x0000000779a80000, 0x00000007c0000000)
  eden space 935424K, 0% used [0x0000000716900000,0x0000000716900000,0x000000074fa80000)
  from space 24064K, 65% used [0x000000074fa80000,0x00000007509c7c90,0x0000000751200000)
  to   space 24064K, 0% used [0x0000000778300000,0x0000000778300000,0x0000000779a80000)
 ParOldGen       total 185344K, used 23218K [0x00000005c3a00000, 0x00000005cef00000, 0x0000000716900000)
  object space 185344K, 12% used [0x00000005c3a00000,0x00000005c50ac808,0x00000005cef00000)
 Metaspace       used 56059K, capacity 59075K, committed 59160K, reserved 1101824K
  class space    used 7272K, capacity 7802K, committed 7808K, reserved 1048576K
}
Event: 5.650 GC heap before
{Heap before GC invocations=10 (full 3):
 PSYoungGen      total 959488K, used 15647K [0x0000000716900000, 0x0000000779a80000, 0x00000007c0000000)
  eden space 935424K, 0% used [0x0000000716900000,0x0000000716900000,0x000000074fa80000)
  from space 24064K, 65% used [0x000000074fa80000,0x00000007509c7c90,0x0000000751200000)
  to   space 24064K, 0% used [0x0000000778300000,0x0000000778300000,0x0000000779a80000)
 ParOldGen       total 185344K, used 23218K [0x00000005c3a00000, 0x00000005cef00000, 0x0000000716900000)
  object space 185344K, 12% used [0x00000005c3a00000,0x00000005c50ac808,0x00000005cef00000)
 Metaspace       used 56059K, capacity 59075K, committed 59160K, reserved 1101824K
  class space    used 7272K, capacity 7802K, committed 7808K, reserved 1048576K
Event: 5.748 GC heap after
Heap after GC invocations=10 (full 3):
 PSYoungGen      total 959488K, used 0K [0x0000000716900000, 0x0000000779a80000, 0x00000007c0000000)
  eden space 935424K, 0% used [0x0000000716900000,0x0000000716900000,0x000000074fa80000)
  from space 24064K, 0% used [0x000000074fa80000,0x000000074fa80000,0x0000000751200000)
  to   space 24064K, 0% used [0x0000000778300000,0x0000000778300000,0x0000000779a80000)
 ParOldGen       total 224256K, used 25697K [0x00000005c3a00000, 0x00000005d1500000, 0x0000000716900000)
  object space 224256K, 11% used [0x00000005c3a00000,0x00000005c53185d8,0x00000005d1500000)
 Metaspace       used 56051K, capacity 59051K, committed 59160K, reserved 1101824K
  class space    used 7270K, capacity 7798K, committed 7808K, reserved 1048576K
}
Event: 7.541 GC heap before
{Heap before GC invocations=11 (full 3):
 PSYoungGen      total 959488K, used 935424K [0x0000000716900000, 0x0000000779a80000, 0x00000007c0000000)
  eden space 935424K, 100% used [0x0000000716900000,0x000000074fa80000,0x000000074fa80000)
  from space 24064K, 0% used [0x000000074fa80000,0x000000074fa80000,0x0000000751200000)
  to   space 24064K, 0% used [0x0000000778300000,0x0000000778300000,0x0000000779a80000)
 ParOldGen       total 224256K, used 25697K [0x00000005c3a00000, 0x00000005d1500000, 0x0000000716900000)
  object space 224256K, 11% used [0x00000005c3a00000,0x00000005c53185d8,0x00000005d1500000)
 Metaspace       used 66573K, capacity 70443K, committed 70528K, reserved 1110016K
  class space    used 8751K, capacity 9520K, committed 9600K, reserved 1048576K
Event: 7.561 GC heap after
Heap after GC invocations=11 (full 3):
 PSYoungGen      total 1583104K, used 24051K [0x0000000716900000, 0x000000077b800000, 0x00000007c0000000)
  eden space 1559040K, 0% used [0x0000000716900000,0x0000000716900000,0x0000000775b80000)
  from space 24064K, 99% used [0x0000000778300000,0x0000000779a7ceb0,0x0000000779a80000)
  to   space 40448K, 0% used [0x0000000775b80000,0x0000000775b80000,0x0000000778300000)
 ParOldGen       total 224256K, used 56032K [0x00000005c3a00000, 0x00000005d1500000, 0x0000000716900000)
  object space 224256K, 24% used [0x00000005c3a00000,0x00000005c70b8228,0x00000005d1500000)
 Metaspace       used 66573K, capacity 70443K, committed 70528K, reserved 1110016K
  class space    used 8751K, capacity 9520K, committed 9600K, reserved 1048576K
}

Deoptimization events (10 events):
Event: 8.418 Thread 0x0000000002c18000 Uncommon trap: reason=unstable_if action=reinterpret pc=0x0000000003fa2d5c method=org.springframework.core.ResolvableType.resolveType()Lorg/springframework/core/ResolvableType; @ 37
Event: 8.418 Thread 0x0000000002c18000 Uncommon trap: reason=bimorphic action=maybe_recompile pc=0x000000000492fe1c method=org.springframework.core.SerializableTypeWrapper.unwrap(Ljava/lang/reflect/Type;)Ljava/lang/reflect/Type; @ 13
Event: 8.466 Thread 0x0000000002c18000 Uncommon trap: reason=predicate action=maybe_recompile pc=0x0000000003bc2a90 method=org.springframework.util.AntPathMatcher.skipSegment(Ljava/lang/String;ILjava/lang/String;)I @ 15
Event: 8.481 Thread 0x0000000002c18000 Uncommon trap: reason=unstable_if action=reinterpret pc=0x000000000411b084 method=sun.reflect.generics.parser.SignatureParser.parseClassTypeSignatureSuffix(Ljava/util/List;)V @ 6
Event: 8.481 Thread 0x0000000002c18000 Uncommon trap: reason=unstable_if action=reinterpret pc=0x00000000045dc0ec method=sun.reflect.generics.visitor.Reifier.visitClassTypeSignature(Lsun/reflect/generics/tree/ClassTypeSignature;)V @ 73
Event: 8.482 Thread 0x0000000002c18000 Uncommon trap: reason=unstable_if action=reinterpret pc=0x00000000049b7970 method=org.aspectj.weaver.reflect.JavaLangTypeToResolvedTypeConverter.fromType(Ljava/lang/reflect/Type;)Lorg/aspectj/weaver/ResolvedType; @ 103
Event: 8.482 Thread 0x0000000002c18000 Uncommon trap: reason=unstable_if action=reinterpret pc=0x0000000003234494 method=sun.reflect.generics.parser.SignatureParser.parseClassTypeSignatureSuffix(Ljava/util/List;)V @ 6
Event: 8.618 Thread 0x0000000002c18000 Uncommon trap: reason=unstable_if action=reinterpret pc=0x00000000045734ac method=java.util.TreeMap.put(Ljava/lang/Object;Ljava/lang/Object;)Ljava/lang/Object; @ 90
Event: 8.644 Thread 0x0000000002c18000 Uncommon trap: reason=unstable_if action=reinterpret pc=0x00000000047f41f4 method=java.util.WeakHashMap.get(Ljava/lang/Object;)Ljava/lang/Object; @ 56
Event: 8.644 Thread 0x0000000002c18000 Uncommon trap: reason=class_check action=maybe_recompile pc=0x0000000003bf6e18 method=java.util.WeakHashMap.eq(Ljava/lang/Object;Ljava/lang/Object;)Z @ 7

Classes redefined (0 events):
No events

Internal exceptions (10 events):
Event: 8.637 Thread 0x0000000002c18000 Exception <a 'java/lang/ClassNotFoundException': org/springframework/beans/factory/AwareCustomizer> (0x0000000731d6c538) thrown at [C:\re\workspace\8-2-build-windows-amd64-cygwin\jdk8u202\12323\hotspot\src\share\vm\classfile\systemDictionary.cpp, line 210
Event: 8.641 Thread 0x0000000002c18000 Exception <a 'java/lang/ClassNotFoundException': java/lang/ObjectCustomizer> (0x0000000731e43cf8) thrown at [C:\re\workspace\8-2-build-windows-amd64-cygwin\jdk8u202\12323\hotspot\src\share\vm\classfile\systemDictionary.cpp, line 210]
Event: 8.641 Thread 0x0000000002c18000 Exception <a 'java/lang/ClassNotFoundException': springfox/documentation/swagger2/web/WebMvcBasePathAndHostnameTransformationFilterCustomizer> (0x0000000731eb0440) thrown at [C:\re\workspace\8-2-build-windows-amd64-cygwin\jdk8u202\12323\hotspot\src\share\
Event: 8.643 Thread 0x0000000002c18000 Exception <a 'java/lang/ClassNotFoundException': springfox/documentation/swagger2/web/WebMvcSwaggerTransformationFilterCustomizer> (0x0000000731f13d90) thrown at [C:\re\workspace\8-2-build-windows-amd64-cygwin\jdk8u202\12323\hotspot\src\share\vm\classfile
Event: 8.644 Thread 0x0000000002c18000 Exception <a 'java/lang/ClassNotFoundException': springfox/documentation/swagger2/web/SwaggerTransformationFilterCustomizer> (0x0000000731f6ac10) thrown at [C:\re\workspace\8-2-build-windows-amd64-cygwin\jdk8u202\12323\hotspot\src\share\vm\classfile\syste
Event: 8.644 Thread 0x0000000002c18000 Exception <a 'java/lang/ClassNotFoundException': org/springframework/plugin/core/PluginCustomizer> (0x0000000731fadb70) thrown at [C:\re\workspace\8-2-build-windows-amd64-cygwin\jdk8u202\12323\hotspot\src\share\vm\classfile\systemDictionary.cpp, line 210]
Event: 8.654 Thread 0x0000000002c18000 Exception <a 'java/lang/ClassNotFoundException': java/lang/ObjectCustomizer> (0x000000073228e638) thrown at [C:\re\workspace\8-2-build-windows-amd64-cygwin\jdk8u202\12323\hotspot\src\share\vm\classfile\systemDictionary.cpp, line 210]
Event: 8.655 Thread 0x0000000002c18000 Exception <a 'java/lang/ClassNotFoundException': org/springframework/boot/autoconfigure/context/PropertyPlaceholderAutoConfigurationCustomizer> (0x00000007322fc550) thrown at [C:\re\workspace\8-2-build-windows-amd64-cygwin\jdk8u202\12323\hotspot\src\share
Event: 8.655 Thread 0x0000000002c18000 Exception <a 'java/lang/ClassNotFoundException': java/lang/ObjectCustomizer> (0x000000073231ed18) thrown at [C:\re\workspace\8-2-build-windows-amd64-cygwin\jdk8u202\12323\hotspot\src\share\vm\classfile\systemDictionary.cpp, line 210]
Event: 8.656 Thread 0x0000000002c18000 Exception <a 'java/lang/ClassNotFoundException': org/springframework/boot/autoconfigure/websocket/servlet/WebSocketServletAutoConfiguration$TomcatWebSocketConfigurationCustomizer> (0x00000007323ac838) thrown at [C:\re\workspace\8-2-build-windows-amd64-cyg

Events (10 events):
Event: 8.655 loading class org/springframework/boot/autoconfigure/websocket/servlet/WebSocketServletAutoConfiguration$TomcatWebSocketConfigurationCustomizer
Event: 8.655 loading class org/springframework/boot/autoconfigure/websocket/servlet/WebSocketServletAutoConfiguration$TomcatWebSocketConfigurationCustomizer done
Event: 8.656 loading class org/springframework/boot/autoconfigure/websocket/servlet/WebSocketServletAutoConfiguration$TomcatWebSocketConfigurationCustomizer
Event: 8.656 loading class org/springframework/boot/autoconfigure/websocket/servlet/WebSocketServletAutoConfiguration$TomcatWebSocketConfigurationCustomizer done
Event: 8.656 loading class org/springframework/boot/autoconfigure/websocket/servlet/WebSocketServletAutoConfiguration$TomcatWebSocketConfigurationCustomizer
Event: 8.656 loading class org/springframework/boot/autoconfigure/websocket/servlet/WebSocketServletAutoConfiguration$TomcatWebSocketConfigurationCustomizer done
Event: 8.656 loading class org/springframework/boot/autoconfigure/websocket/servlet/WebSocketServletAutoConfiguration$UndertowWebSocketConfiguration
Event: 8.656 loading class org/springframework/boot/autoconfigure/websocket/servlet/WebSocketServletAutoConfiguration$UndertowWebSocketConfiguration done
Event: 8.656 loading class org/springframework/boot/autoconfigure/websocket/servlet/WebSocketServletAutoConfiguration$Jetty10WebSocketConfiguration
Event: 8.656 loading class org/springframework/boot/autoconfigure/websocket/servlet/WebSocketServletAutoConfiguration$Jetty10WebSocketConfiguration done


Dynamic libraries:
0x00007ff7e6370000 - 0x00007ff7e63a7000 	C:\Program Files\Java\jdk1.8.0_202\bin\java.exe
0x00007ffe64cb0000 - 0x00007ffe64ea8000 	C:\Windows\SYSTEM32\ntdll.dll
0x00007ffe62d90000 - 0x00007ffe62e4d000 	C:\Windows\System32\KERNEL32.DLL
0x00007ffe62720000 - 0x00007ffe62a16000 	C:\Windows\System32\KERNELBASE.dll
0x00007ffe64840000 - 0x00007ffe648f3000 	C:\Windows\System32\ADVAPI32.dll
0x00007ffe637c0000 - 0x00007ffe6385e000 	C:\Windows\System32\msvcrt.dll
0x00007ffe64350000 - 0x00007ffe643ef000 	C:\Windows\System32\sechost.dll
0x00007ffe63860000 - 0x00007ffe63986000 	C:\Windows\System32\RPCRT4.dll
0x00007ffe626f0000 - 0x00007ffe62717000 	C:\Windows\System32\bcrypt.dll
0x00007ffe646a0000 - 0x00007ffe6483e000 	C:\Windows\System32\USER32.dll
0x00007ffe624e0000 - 0x00007ffe62502000 	C:\Windows\System32\win32u.dll
0x00007ffe636b0000 - 0x00007ffe636db000 	C:\Windows\System32\GDI32.dll
0x00007ffe62bd0000 - 0x00007ffe62ce7000 	C:\Windows\System32\gdi32full.dll
0x00007ffe625c0000 - 0x00007ffe6265d000 	C:\Windows\System32\msvcp_win.dll
0x00007ffe623e0000 - 0x00007ffe624e0000 	C:\Windows\System32\ucrtbase.dll
0x00007ffe4a850000 - 0x00007ffe4aaea000 	C:\Windows\WinSxS\amd64_microsoft.windows.common-controls_6595b64144ccf1df_6.0.19041.3636_none_60b6a03d71f818d5\COMCTL32.dll
0x00007ffe62d50000 - 0x00007ffe62d82000 	C:\Windows\System32\IMM32.DLL
0x0000000060e50000 - 0x0000000060f22000 	C:\Program Files\Java\jdk1.8.0_202\jre\bin\msvcr100.dll
0x000000005ff50000 - 0x00000000607f5000 	C:\Program Files\Java\jdk1.8.0_202\jre\bin\server\jvm.dll
0x00007ffe64c60000 - 0x00007ffe64c68000 	C:\Windows\System32\PSAPI.DLL
0x00007ffe57de0000 - 0x00007ffe57e07000 	C:\Windows\SYSTEM32\WINMM.dll
0x00007ffe435d0000 - 0x00007ffe435d9000 	C:\Windows\SYSTEM32\WSOCK32.dll
0x00007ffe59710000 - 0x00007ffe5971a000 	C:\Windows\SYSTEM32\VERSION.dll
0x00007ffe64470000 - 0x00007ffe644db000 	C:\Windows\System32\WS2_32.dll
0x00007ffdebda0000 - 0x00007ffdebdaf000 	C:\Program Files\Java\jdk1.8.0_202\jre\bin\verify.dll
0x00007ffdd9ed0000 - 0x00007ffdd9ef9000 	C:\Program Files\Java\jdk1.8.0_202\jre\bin\java.dll
0x00007ffe45820000 - 0x00007ffe45843000 	C:\Program Files\Java\jdk1.8.0_202\jre\bin\instrument.dll
0x00007ffdd9eb0000 - 0x00007ffdd9ec6000 	C:\Program Files\Java\jdk1.8.0_202\jre\bin\zip.dll
0x00007ffe639f0000 - 0x00007ffe64135000 	C:\Windows\System32\SHELL32.dll
0x00007ffe60400000 - 0x00007ffe60b9c000 	C:\Windows\SYSTEM32\windows.storage.dll
0x00007ffe64900000 - 0x00007ffe64c54000 	C:\Windows\System32\combase.dll
0x00007ffe61cc0000 - 0x00007ffe61cee000 	C:\Windows\SYSTEM32\Wldp.dll
0x00007ffe636e0000 - 0x00007ffe637ad000 	C:\Windows\System32\OLEAUT32.dll
0x00007ffe63600000 - 0x00007ffe636ad000 	C:\Windows\System32\SHCORE.dll
0x00007ffe633f0000 - 0x00007ffe63445000 	C:\Windows\System32\shlwapi.dll
0x00007ffe622a0000 - 0x00007ffe622c5000 	C:\Windows\SYSTEM32\profapi.dll
0x00007ffe406b0000 - 0x00007ffe406ca000 	D:\Dev\IntelliJ IDEA 2023.2\bin\breakgen64.dll
0x00007ffdd9e90000 - 0x00007ffdd9eaa000 	C:\Program Files\Java\jdk1.8.0_202\jre\bin\net.dll
0x00007ffe530c0000 - 0x00007ffe532ac000 	C:\Windows\SYSTEM32\urlmon.dll
0x00007ffe573a0000 - 0x00007ffe573c8000 	C:\Windows\SYSTEM32\srvcli.dll
0x00007ffe57b20000 - 0x00007ffe57ddc000 	C:\Windows\SYSTEM32\iertutil.dll
0x00007ffe61910000 - 0x00007ffe6191c000 	C:\Windows\SYSTEM32\netutils.dll
0x00007ffe61aa0000 - 0x00007ffe61b0a000 	C:\Windows\system32\mswsock.dll
0x00007ffdd9e60000 - 0x00007ffdd9e72000 	C:\Program Files\Java\jdk1.8.0_202\jre\bin\nio.dll
0x00007ffe572d0000 - 0x00007ffe572dd000 	C:\Program Files\Java\jdk1.8.0_202\jre\bin\management.dll
0x00007ffe488a0000 - 0x00007ffe488b7000 	C:\Windows\system32\napinsp.dll
0x00007ffe48880000 - 0x00007ffe4889b000 	C:\Windows\system32\pnrpnsp.dll
0x00007ffe5cfa0000 - 0x00007ffe5cfb5000 	C:\Windows\system32\wshbth.dll
0x00007ffe5dfb0000 - 0x00007ffe5dfcd000 	C:\Windows\system32\NLAapi.dll
0x00007ffe61760000 - 0x00007ffe6179b000 	C:\Windows\SYSTEM32\IPHLPAPI.DLL
0x00007ffe617a0000 - 0x00007ffe6186b000 	C:\Windows\SYSTEM32\DNSAPI.dll
0x00007ffe64140000 - 0x00007ffe64148000 	C:\Windows\System32\NSI.dll
0x00007ffe3a1f0000 - 0x00007ffe3a202000 	C:\Windows\System32\winrnr.dll
0x0000000060f70000 - 0x0000000060f96000 	C:\Program Files\Bonjour\mdnsNSP.dll
0x00007ffe5ad80000 - 0x00007ffe5ad8a000 	C:\Windows\System32\rasadhlp.dll
0x00007ffe56d00000 - 0x00007ffe56d80000 	C:\Windows\System32\fwpuclnt.dll
0x00007ffe5bb80000 - 0x00007ffe5bb97000 	C:\Windows\SYSTEM32\dhcpcsvc6.DLL
0x00007ffe5b740000 - 0x00007ffe5b75d000 	C:\Windows\SYSTEM32\dhcpcsvc.DLL
0x00007ffe61d00000 - 0x00007ffe61d18000 	C:\Windows\SYSTEM32\CRYPTSP.dll
0x00007ffe61380000 - 0x00007ffe613b4000 	C:\Windows\system32\rsaenh.dll
0x00007ffe62260000 - 0x00007ffe6228e000 	C:\Windows\SYSTEM32\USERENV.dll
0x00007ffe62660000 - 0x00007ffe626e2000 	C:\Windows\System32\bcryptprimitives.dll
0x00007ffe61c30000 - 0x00007ffe61c3c000 	C:\Windows\SYSTEM32\CRYPTBASE.dll
0x00007ffe38ce0000 - 0x00007ffe38d04000 	C:\Program Files\Java\jdk1.8.0_202\jre\bin\sunec.dll

VM Arguments:
jvm_args: -Dvisualvm.id=24080460099700 -ea -Didea.test.cyclic.buffer.size=1048576 -javaagent:D:\Dev\IntelliJ IDEA 2023.2\lib\idea_rt.jar=4763:D:\Dev\IntelliJ IDEA 2023.2\bin -Dfile.encoding=UTF-8 
java_command: com.intellij.rt.junit.JUnitStarter -ideVersion5 -junit5 cn.xiao.company.service.CompanyDetailNewServiceTest,addRecruitmentInfo
java_class_path (initial): D:\Dev\maven-3.6.3\repository\org\junit\platform\junit-platform-launcher\1.8.2\junit-platform-launcher-1.8.2.jar;D:\Dev\IntelliJ IDEA 2023.2\lib\idea_rt.jar;D:\Dev\IntelliJ IDEA 2023.2\plugins\junit\lib\junit5-rt.jar;D:\Dev\IntelliJ IDEA 2023.2\plugins\junit\lib\junit-rt.jar;C:\Program Files\Java\jdk1.8.0_202\jre\lib\charsets.jar;C:\Program Files\Java\jdk1.8.0_202\jre\lib\deploy.jar;C:\Program Files\Java\jdk1.8.0_202\jre\lib\ext\access-bridge-64.jar;C:\Program Files\Java\jdk1.8.0_202\jre\lib\ext\cldrdata.jar;C:\Program Files\Java\jdk1.8.0_202\jre\lib\ext\dnsns.jar;C:\Program Files\Java\jdk1.8.0_202\jre\lib\ext\jaccess.jar;C:\Program Files\Java\jdk1.8.0_202\jre\lib\ext\jfxrt.jar;C:\Program Files\Java\jdk1.8.0_202\jre\lib\ext\localedata.jar;C:\Program Files\Java\jdk1.8.0_202\jre\lib\ext\nashorn.jar;C:\Program Files\Java\jdk1.8.0_202\jre\lib\ext\sunec.jar;C:\Program Files\Java\jdk1.8.0_202\jre\lib\ext\sunjce_provider.jar;C:\Program Files\Java\jdk1.8.0_202\jre\lib\ext\sunmscapi.jar;C:\Program Files\Java\jdk1.8.0_202\jre\lib\ext\sunpkcs11.jar;C:\Program Files\Java\jdk1.8.0_202\jre\lib\ext\zipfs.jar;C:\Program Files\Java\jdk1.8.0_202\jre\lib\javaws.jar;C:\Program Files\Java\jdk1.8.0_202\jre\lib\jce.jar;C:\Program Files\Java\jdk1.8.0_202\jre\lib\jfr.jar;C:\Program Files\Java\jdk1.8.0_202\jre\lib\jfxswt.jar;C:\Program Files\Java\jdk1.8.0_202\jre\lib\jsse.jar;C:\Program Files\Java\jdk1.8.0_202\jre\lib\management-agent.jar;C:\Program Files\Java\jdk1.8.0_202\jre\lib\plugin.jar;C:\Program Files\Java\jdk1.8.0_202\jre\lib\resources.jar;C:\Program Files\Java\jdk1.8.0_202\jre\lib\rt.jar;D:\Project\xiao-company-recruitment-info-backend\target\test-classes;D:\Project\xiao-company-recruitment-info-backend\target\classes;D:\Dev\maven-3.6.3\repository\org\seleniumhq\selenium\selenium-java\4.1.4\selenium-java-4.1.4.jar;D:\Dev\maven-3.6.3\repository\org\seleniumhq\selenium\selenium-api\4.1.4\selenium-api-4.1.4.jar;D:\Dev\maven-3.6.3\repository\org\seleniumhq\s
Launcher Type: SUN_STANDARD

Environment Variables:
JAVA_HOME=C:\Program Files\Java\jdk1.8.0_202
CLASSPATH=.;C:\Program Files\Java\jdk1.8.0_202\lib;C:\Program Files\Java\jdk1.8.0_202\lib\tools.jar
PATH=C:\Program Files\Microsoft MPI\Bin\;C:\Program Files\Common Files\Oracle\Java\javapath;D:\App\chandao\ZenTao\zbox\nssm\win32;D:\Dev\VmWare\bin\;C:\Program Files\NVIDIA GPU Computing Toolkit\CUDA\v12.0\bin;C:\Program Files\NVIDIA GPU Computing Toolkit\CUDA\v12.0\libnvvp;D:\Dev\Python3.10.10\Scripts;D:\Dev\Python3.10.10;C:\Program Files (x86)\Common Files\Oracle\Java\javapath;C:\Windows\system32;C:\Windows;C:\Windows\System32\Wbem;C:\Windows\System32\WindowsPowerShell\v1.0\;C:\Windows\System32\OpenSSH\;D:\Dev\MySQL\bin\;C:\Program Files\Java\jdk1.8.0_202\bin;D:\Dev\Xmanage\Xshell\;D:\Dev\Xmanage\Xftp\;D:\Dev\TortoiseGit\bin;D:\Dev\maven-3.6.3\bin;C:\Program Files (x86)\NVIDIA Corporation\PhysX\Common;C:\Program Files\NVIDIA Corporation\NVIDIA NvDLISR;C:\ProgramData\chocolatey\bin;C:\Program Files\NVIDIA Corporation\Nsight Compute 2022.4.1\;C:\Program Files\dotnet\;D:\Dev\anaconda3;D:\Dev\anaconda3\Library\mingw-w64\bin;D:\Dev\anaconda3\Library\usr\bin;D:\Dev\anaconda3\Library\bin;D:\Dev\anaconda3\Scripts;node_global\node_modules;D:\Dev\Git\cmd;D:\Dev\miniconda3;D:\Dev;D:\Dev\nvm;C:\Program Files\nodejs;D:\Dev\Redis\;D:\Dev\miniconda3;D:\Dev\miniconda3\Library\mingw-w64\bin;D:\Dev\miniconda3\Library\usr\bin;D:\Dev\miniconda3\Library\bin;D:\Dev\miniconda3\Scripts;D:\Dev\Python3.10.10\Scripts\;D:\Dev\Python3.10.10\;D:\Dev\anaconda3;D:\Dev\anaconda3\Library\mingw-w64\bin;D:\Dev\anaconda3\Library\usr\bin;D:\Dev\anaconda3\Library\bin;D:\Dev\anaconda3\Scripts;C:\Users\xiao\AppData\Local\Microsoft\WindowsApps;D:\Dev\IntelliJ IDEA 2023.2\bin;;D:\Dev\PyCharm 2019.1\bin;;D:\Dev\Microsoft VS Code\bin;node_global;D:\Dev\WebStorm 2023.2.3\bin;;D:\Dev\nvm;C:\Program Files\nodejs
USERNAME=xiao
OS=Windows_NT
PROCESSOR_IDENTIFIER=Intel64 Family 6 Model 183 Stepping 1, GenuineIntel



---------------  S Y S T E M  ---------------

OS: Windows 10.0 , 64 bit Build 19041 (10.0.19041.3636)

CPU:total 24 (initial active 24) (12 cores per cpu, 2 threads per core) family 6 model 183 stepping 1, cmov, cx8, fxsr, mmx, sse, sse2, sse3, ssse3, sse4.1, sse4.2, popcnt, avx, avx2, aes, clmul, erms, 3dnowpref, lzcnt, ht, tsc, tscinvbit, bmi1, bmi2, adx

Memory: 4k page, physical 33316076k(4943112k free), swap 58825208k(4708k free)

vm_info: Java HotSpot(TM) 64-Bit Server VM (25.202-b08) for windows-amd64 JRE (1.8.0_202-b08), built on Dec 15 2018 19:54:30 by "java_re" with MS VC++ 10.0 (VS2010)

time: Tue Mar 19 22:01:29 2024
timezone: 中国标准时间
elapsed time: 8 seconds (0d 0h 0m 8s)

